

Batch Job Summary Report (version 21.01.1) for Job "wB97X2TZclxe20" (44341777) on daint

Job information (1/3)
-----------------------------------------------------------------------------------------------------
             Submit            Eligible               Start                 End    Elapsed Time limit
------------------- ------------------- ------------------- ------------------- ---------- ----------
2023-01-20T10:18:31 2023-01-20T10:18:31 2023-01-20T10:19:41 2023-01-20T12:52:45   02:33:04 1-00:00:00
-----------------------------------------------------------------------------------------------------

Job information (2/3)
-------------------------------------------------------------
    Username      Account    Partition   NNodes        Energy
------------ ------------ ------------ -------- -------------
       ahehn        s1195       normal        5 952391.264 kJ

Job information (3/3) - GPU utilization data
----------------------------------------------------
   Node name       Usage      Max mem Execution time
------------ ----------- ------------ --------------
    nid05582        47 %    12276 MiB       02:32:07
    nid03787        47 %    12286 MiB       02:32:08
    nid03398        47 %    12338 MiB       02:32:08
    nid03397        47 %    12346 MiB       02:32:07

