slurmstepd: error: *** STEP 44341785.0 ON nid01965 CANCELLED AT 2023-01-21T10:19:57 DUE TO TIME LIMIT ***
slurmstepd: error: *** JOB 44341785 ON nid01965 CANCELLED AT 2023-01-21T10:19:57 DUE TO TIME LIMIT ***
srun: Job step aborted: Waiting up to 92 seconds for job step to finish.
srun: got SIGCONT
srun: forcing job termination


Batch Job Summary Report (version 21.01.1) for Job "wB97X2TZclxe20" (44341785) on daint

Job information (1/3)
-----------------------------------------------------------------------------------------------------
             Submit            Eligible               Start                 End    Elapsed Time limit
------------------- ------------------- ------------------- ------------------- ---------- ----------
2023-01-20T10:19:36 2023-01-20T10:19:36 2023-01-20T10:19:41 2023-01-21T10:19:57 1-00:00:16 1-00:00:00
-----------------------------------------------------------------------------------------------------

Job information (2/3)
-------------------------------------------------------------
    Username      Account    Partition   NNodes        Energy
------------ ------------ ------------ -------- -------------
       ahehn        s1195       normal        5 not available kJ

Job information (3/3) - GPU utilization data
----------------------------------------------------
   Node name       Usage      Max mem Execution time
------------ ----------- ------------ --------------
    nid01966         4 %    12338 MiB       23:59:23
    nid05611         4 %    12292 MiB       23:59:23
    nid05610         4 %    12300 MiB       23:59:26
    nid01965         4 %    12346 MiB       23:59:23

